<?xml version="1.0" encoding="UTF-8"?>
<!-- Generated by org.testng.reporters.JUnitXMLReporter -->
<testsuite hostname="Lenovo-PC" name="Surefire test" tests="9" failures="0" timestamp="31 Dec 2016 00:49:17 GMT" time="59.041" errors="0">
  <testcase name="testTicketSearching" time="10.171" classname="by.htp.belavia.logic.TicketBoxTest"/>
  <testcase name="testTariffCalendarLabelDisplayed" time="0.073" classname="by.htp.belavia.pages.ChoicePageTest"/>
  <testcase name="testVerifyFlightRoute" time="0.072" classname="by.htp.belavia.pages.ChoicePageTest"/>
  <testcase name="testDepartureDateField" time="0.136" classname="by.htp.belavia.pages.HomePageTest"/>
  <testcase name="testFromCityField" time="0.084" classname="by.htp.belavia.pages.HomePageTest"/>
  <testcase name="testReturnDateField" time="0.038" classname="by.htp.belavia.pages.HomePageTest"/>
  <testcase name="testSubmitButton" time="0.032" classname="by.htp.belavia.pages.HomePageTest"/>
  <testcase name="testToCityField" time="0.031" classname="by.htp.belavia.pages.HomePageTest"/>
  <testcase name="testVerifyUrl" time="0.008" classname="by.htp.belavia.pages.HomePageTest"/>
</testsuite> <!-- Surefire test -->
